{"contracts\\TodoList.sol":{"l":{"31":5,"32":5,"33":5,"37":2,"38":2,"39":2,"40":2,"44":2,"47":2,"49":2},"path":"C:\\Users\\marct\\Projects\\todo-app-web3\\contracts\\TodoList.sol","s":{"1":5,"2":2,"3":2,"4":2,"5":2},"b":{"1":[2,0]},"f":{"1":5,"2":2,"3":2},"fnMap":{"1":{"name":"createTodo","line":30,"loc":{"start":{"line":30,"column":4},"end":{"line":34,"column":4}}},"2":{"name":"toggleCompleted","line":36,"loc":{"start":{"line":36,"column":4},"end":{"line":41,"column":4}}},"3":{"name":"deleteTodo","line":43,"loc":{"start":{"line":43,"column":4},"end":{"line":50,"column":4}}}},"statementMap":{"1":{"start":{"line":33,"column":8},"end":{"line":33,"column":52}},"2":{"start":{"line":37,"column":8},"end":{"line":37,"column":38}},"3":{"start":{"line":40,"column":8},"end":{"line":40,"column":48}},"4":{"start":{"line":44,"column":8},"end":{"line":44,"column":55}},"5":{"start":{"line":49,"column":8},"end":{"line":49,"column":29}}},"branchMap":{"1":{"line":44,"type":"if","locations":[{"start":{"line":44,"column":8},"end":{"line":44,"column":8}},{"start":{"line":44,"column":8},"end":{"line":44,"column":8}}]}}}}